


ARM Macro Assembler    Page 1 


    1 00000000         ; main.s
    2 00000000         ; Desenvolvido para a placa EK-TM4C1294XL
    3 00000000         ; Prof. Guilherme Peron
    4 00000000         ; 24/08/2020
    5 00000000         ; Este programa espera o usuï¿½rio apertar a chave USR_S
                       W1.
    6 00000000         ; Caso o usuï¿½rio pressione a chave, o LED1 piscarï¿½ a
                        cada 0,5 segundo.
    7 00000000         
    8 00000000         ; ------------------------------------------------------
                       -------------------------
    9 00000000                 THUMB                        ; Instruï¿½ï¿½es do
                                                             tipo Thumb-2
   10 00000000         ; ------------------------------------------------------
                       -------------------------
   11 00000000         
   12 00000000         ; Declaraï¿½ï¿½es EQU - Defines
   13 00000000         ;<NOME>         EQU <VALOR>
   14 00000000         ; ========================
   15 00000000 20002004 
                       PASSO_CONTADOR
                               EQU              0x20002004
   16 00000000 20002005 
                       ORDEM_CONTADOR
                               EQU              0x20002005
   17 00000000         
   18 00000000         ; ------------------------------------------------------
                       -------------------------
   19 00000000         ; ï¿½rea de Dados - Declaraï¿½ï¿½es de variï¿½veis
   20 00000000                 AREA             DATA, ALIGN=2
   21 00000000         ; Se alguma variï¿½vel for chamada em outro arquivo
   22 00000000         ;EXPORT  <var> [DATA,SIZE=<tam>]   ; Permite chamar a va
                       riï¿½vel <var> a 
   23 00000000         ; partir de outro arquivo
   24 00000000         ;<var> SPACE <tam>                        ; Declara uma 
                       variï¿½vel de nome <var>
   25 00000000         ; de <tam> bytes a partir da primeira 
   26 00000000         ; posiï¿½ï¿½o da RAM  
   27 00000000         
   28 00000000         ; ------------------------------------------------------
                       -------------------------
   29 00000000         ; ï¿½rea de Cï¿½digo - Tudo abaixo da diretiva a seguir 
                       serï¿½ armazenado na memï¿½ria de 
   30 00000000         ;                  cï¿½digo
   31 00000000                 AREA             |.text|, CODE, READONLY, ALIGN=
2
   32 00000000 3F 06 5B 
              4F 66 6D 
              7D 07 7F 
              6F       digitos_vector
                               DCB              0x3F, 0x06, 0x5B, 0x4F, 0x66, 0
x6D, 0x7D, 0x07, 0x7F, 0x6F
   33 0000000A 81 42 24 
              18 18 24 
              42 81    leds_vector
                               DCB              0x81, 0x42, 0x24, 0x18, 0x18, 0
x24, 0x42, 0x81
   34 00000012         
   35 00000012         



ARM Macro Assembler    Page 2 


   36 00000012         ; Se alguma funï¿½ï¿½o do arquivo for chamada em outro a
                       rquivo 
   37 00000012                 EXPORT           Start       ; Permite chamar a 
                                                            funï¿½ï¿½o Start a 
                                                            partir de 
   38 00000012         ; outro arquivo. No caso startup.s
   39 00000012         
   40 00000012         ; Se chamar alguma funï¿½ï¿½o externa 
   41 00000012         ;IMPORT <func>              ; Permite chamar dentro dest
                       e arquivo uma 
   42 00000012         ; funï¿½ï¿½o <func>
   43 00000012                 IMPORT           PLL_Init
   44 00000012                 IMPORT           SysTick_Init
   45 00000012                 IMPORT           SysTick_Wait1ms
   46 00000012                 IMPORT           SysTick_Wait1s
   47 00000012                 IMPORT           GPIO_Init
   48 00000012                 IMPORT           Display_show
   49 00000012                 IMPORT           liga_LED
   50 00000012                 IMPORT           PortB_Output
   51 00000012                 IMPORT           PortJ_Input
   52 00000012                 IMPORT           PortP_Output
   53 00000012         
   54 00000012         
   55 00000012         ; ------------------------------------------------------
                       -------------------------
   56 00000012         ; Funï¿½ï¿½o main()
   57 00000012         Start
   58 00000012 F7FF FFFE       BL               PLL_Init    ;Chama a subrotina 
                                                            para alterar o cloc
                                                            k do microcontrolad
                                                            or para 80MHz
   59 00000016 F7FF FFFE       BL               SysTick_Init
   60 0000001A F7FF FFFE       BL               GPIO_Init   ;Chama a subrotina 
                                                            que inicializa os G
                                                            PIO
   61 0000001E         
   62 0000001E F8DF A0E0       LDR              R10,=PASSO_CONTADOR
   63 00000022 F8DF B0E0       LDR              R11,=ORDEM_CONTADOR
   64 00000026 F04F 0C00       MOV              R12,#0
   65 0000002A F88B C000       STRB             R12,[R11]
   66 0000002E F04F 0C01       MOV              R12,#1
   67 00000032 F88A C000       STRB             R12,[R10]
   68 00000036         
   69 00000036         
   70 00000036         MainLoop
   71 00000036 F8DF C0D0       LDR              R12,=digitos_vector
   72 0000003A F8DF 90D0       LDR              R9,=leds_vector
   73 0000003E F04F 0A00       MOV              R10,#0      ; Dezenas
   74 00000042 F04F 0B00       MOV              R11,#0      ; Unidade
   75 00000046 F7FF FFFE       BL               PortJ_Input
   76 0000004A         
   77 0000004A 2802            CMP              R0,#2
   78 0000004C 482C            LDR              R0,=PASSO_CONTADOR
   79 0000004E 7802            LDRB             R2,[R0]
   80 00000050 BF04            ITT              EQ
   81 00000052 3201            ADDEQ            R2,#1
   82 00000054 7002            STRBEQ           R2,[R0]
   83 00000056         
   84 00000056         ; CMP R0,#1 ; 0x3 nenhuma apertada ; 1 -> SW2 apertada; 



ARM Macro Assembler    Page 3 


                       2 -> SW1 apertada
   85 00000056         ;BEQ LOOP_DECRESCENTE
   86 00000056 E016            B                LOOP_CRESCENTE
   87 00000058         
   88 00000058         LIGAR_LEDS
   89 00000058 B500            PUSH             {LR}
   90 0000005A F819 1008       LDRB             R1,[R9, R8]
   91 0000005E F7FF FFFE       BL               liga_LED
   92 00000062         
   93 00000062 F04F 0020       MOV              R0,#2_00100000
   94 00000066 F7FF FFFE       BL               PortP_Output
   95 0000006A         
   96 0000006A F04F 000A       MOV              R0, #10     ; -----------------
                                                            -------------------
                                                            -- TROCAR AQUI
   97 0000006E F7FF FFFE       BL               SysTick_Wait1ms
   98 00000072         
   99 00000072 F108 0801       ADD              R8,#1
  100 00000076 F1B8 0F09       CMP              R8,#9
  101 0000007A BF08            IT               EQ
  102 0000007C F04F 0800       MOVEQ            R8,#0
  103 00000080 F85D EB04       POP              {LR}
  104 00000084 4770            BX               LR
  105 00000086         
  106 00000086         LOOP_CRESCENTE
  107 00000086 F8DF C080       LDR              R12,=digitos_vector
  108 0000008A F81C 000A       LDRB             R0,[R12, R10]
  109 0000008E F7FF FFFE       BL               Display_show
  110 00000092 F04F 0010       MOV              R0,#0x10
  111 00000096 F7FF FFFE       BL               PortB_Output
  112 0000009A F04F 0007       MOV              R0, #7
  113 0000009E F7FF FFFE       BL               SysTick_Wait1ms
  114 000000A2         
  115 000000A2 F04F 0000       MOV              R0,#0
  116 000000A6 F7FF FFFE       BL               PortB_Output
  117 000000AA F04F 0007       MOV              R0, #7
  118 000000AE F7FF FFFE       BL               SysTick_Wait1ms
  119 000000B2         
  120 000000B2 F81C 000B       LDRB             R0,[R12, R11]
  121 000000B6 F7FF FFFE       BL               Display_show
  122 000000BA F04F 0020       MOV              R0,#0x20
  123 000000BE F7FF FFFE       BL               PortB_Output
  124 000000C2 F04F 0007       MOV              R0, #7
  125 000000C6 F7FF FFFE       BL               SysTick_Wait1ms
  126 000000CA         
  127 000000CA F04F 0000       MOV              R0,#0
  128 000000CE F7FF FFFE       BL               PortB_Output
  129 000000D2         
  130 000000D2 F7FF FFC1       BL               LIGAR_LEDS
  131 000000D6 F04F 00C8       MOV              R0, #200
  132 000000DA F7FF FFFE       BL               SysTick_Wait1ms
  133 000000DE         
  134 000000DE 4808            LDR              R0,=PASSO_CONTADOR
  135 000000E0 7801            LDRB             R1,[R0]
  136 000000E2 448B            ADD              R11,R1
  137 000000E4         ;ADD R11,#1
  138 000000E4 F1BB 0F0A       CMP              R11,#10
  139 000000E8 DBCD            BLT              LOOP_CRESCENTE
  140 000000EA         



ARM Macro Assembler    Page 4 


  141 000000EA F1AB 0B0A       SUB              R11,#10
  142 000000EE F10A 0A01       ADD              R10,#1
  143 000000F2         
  144 000000F2 F1BA 0F0A       CMP              R10,#10
  145 000000F6 DBC6            BLT              LOOP_CRESCENTE
  146 000000F8         
  147 000000F8 F1AA 0A0A       SUB              R10,#10
  148 000000FC E79B            B                MainLoop
  149 000000FE         
  150 000000FE         
  151 000000FE         ;Verifica_Nenhuma
  152 000000FE         ; CMP R0, #2_00000011    ;Verifica se nenhuma chave estï
                       ¿½ pressionada
  153 000000FE         ; BNE Verifica_SW1    ;Se o teste viu que tem pelo menos
                        alguma chave pressionada pula
  154 000000FE         ; MOV R0, #0                   ;Nï¿½o acender nenhum LED
                       
  155 000000FE         ; BL PortQ_Output      ;Chamar a funï¿½ï¿½o para nï¿½o a
                       cender nenhum LED
  156 000000FE         ; B MainLoop      ;Se o teste viu que nenhuma chave estï
                       ¿½ pressionada, volta para o laï¿½o principal
  157 000000FE         ;Verifica_SW1 
  158 000000FE         ; CMP R0, #2_00000010    ;Verifica se somente a chave SW
                       1 esta pressionada
  159 000000FE         ; BNE Verifica_SW2             ;Se o teste falhou, pula
  160 000000FE         ; MOV R0, #2_00010000    ;Setar o parï¿½metro de entrada
                        da funï¿½ï¿½o como o BIT4
  161 000000FE         ; BL PortQ_Output     ;Chamar a funï¿½ï¿½o para setar o 
                       LED3
  162 000000FE         ; B MainLoop                   ;Volta para o laï¿½o prin
                       cipal
  163 000000FE         ;Verifica_SW2 
  164 000000FE         ; CMP R0, #2_00000001    ;Verifica se somente a chave SW
                       2 esta pressionada
  165 000000FE         ; BNE Verifica_Ambas           ;Se o teste falhou, pula
  166 000000FE         ; MOV R0, #2_00000001    ;Setar o parï¿½metro de entrada
                        da funï¿½ï¿½o como o BIT0
  167 000000FE         ; BL PortQ_Output     ;Chamar a funï¿½ï¿½o para setar o 
                       LED4
  168 000000FE         ; B MainLoop                   ;Volta para o laï¿½o prin
                       cipal 
  169 000000FE         ;Verifica_Ambas
  170 000000FE         ; CMP R0, #2_00000000    ;Verifica se ambas as chaves es
                       tao pressionadas
  171 000000FE         ; BNE MainLoop             ;Se o teste falhou, pula
  172 000000FE         ; MOV R0, #2_00010001    ;Setar o parï¿½metro de entrada
                        da funï¿½ï¿½o como o BIT0
  173 000000FE         ;Liga_Display
  174 000000FE         
  175 000000FE         
  176 000000FE         ;-------------------------------------------------------
                       -------------------------
  177 000000FE         ; Funï¿½ï¿½o Pisca_LED
  178 000000FE         ; Parï¿½metro de entrada: Nï¿½o tem
  179 000000FE         ; Parï¿½metro de saï¿½da: Nï¿½o tem
  180 000000FE         ;Pisca_LED
  181 000000FE         ; MOV R0, #2_10     ;Setar o parï¿½metro de entrada da f
                       unï¿½ï¿½o setando o BIT1
  182 000000FE         ; PUSH {LR}



ARM Macro Assembler    Page 5 


  183 000000FE         ; BL PortN_Output     ;Chamar a funï¿½ï¿½o para acender 
                       o LED1
  184 000000FE         ; MOV R0, #500                ;Chamar a rotina para espe
                       rar 0,5s
  185 000000FE         ; BL SysTick_Wait1ms
  186 000000FE         ; MOV R0, #0      ;Setar o parï¿½metro de entrada da fun
                       ï¿½ï¿½o apagando o BIT1
  187 000000FE         ; BL PortN_Output     ;Chamar a rotina para apagar o LED
                       
  188 000000FE         ; MOV R0, #500                ;Chamar a rotina para espe
                       rar 0,5
  189 000000FE         ; BL SysTick_Wait1ms 
  190 000000FE         ; POP {LR}
  191 000000FE         ; BX LR       ;return
  192 000000FE         
  193 000000FE         ; ------------------------------------------------------
                       --------------------------------------------------------
                       -----------
  194 000000FE         ; Fim do Arquivo
  195 000000FE         ; ------------------------------------------------------
                       --------------------------------------------------------
                       ----------- 
  196 000000FE 00 00           ALIGN                        ;Garante que o fim 
                                                            da seï¿½ï¿½o estï¿½
                                                             alinhada 
  197 00000100                 END                          ;Fim do arquivo
              20002004 
              20002005 
              00000000 
              00000000 
Command Line: --debug --xref --diag_suppress=9931 --cpu=Cortex-M4.fp.sp --apcs=
interwork --depend=.\objects\main.d -o.\objects\main.o -IC:\Users\thiag\AppData
\Local\Arm\Packs\Keil\TM4C_DFP\1.1.0\Device\Include\TM4C129 --predefine="__EVAL
 SETA 1" --predefine="__UVISION_VERSION SETA 536" --predefine="TM4C1294NCPDT SE
TA 1" --list=.\listings\main.lst main.s



ARM Macro Assembler    Page 1 Alphabetic symbol ordering
Relocatable symbols

DATA 00000000

Symbol: DATA
   Definitions
      At line 20 in file main.s
   Uses
      None
Comment: DATA unused
1 symbol



ARM Macro Assembler    Page 1 Alphabetic symbol ordering
Relocatable symbols

.text 00000000

Symbol: .text
   Definitions
      At line 31 in file main.s
   Uses
      None
Comment: .text unused
LIGAR_LEDS 00000058

Symbol: LIGAR_LEDS
   Definitions
      At line 88 in file main.s
   Uses
      At line 130 in file main.s
Comment: LIGAR_LEDS used once
LOOP_CRESCENTE 00000086

Symbol: LOOP_CRESCENTE
   Definitions
      At line 106 in file main.s
   Uses
      At line 86 in file main.s
      At line 139 in file main.s
      At line 145 in file main.s

MainLoop 00000036

Symbol: MainLoop
   Definitions
      At line 70 in file main.s
   Uses
      At line 148 in file main.s
Comment: MainLoop used once
Start 00000012

Symbol: Start
   Definitions
      At line 57 in file main.s
   Uses
      At line 37 in file main.s
Comment: Start used once
digitos_vector 00000000

Symbol: digitos_vector
   Definitions
      At line 32 in file main.s
   Uses
      At line 71 in file main.s
      At line 107 in file main.s

leds_vector 0000000A

Symbol: leds_vector
   Definitions
      At line 33 in file main.s
   Uses
      At line 72 in file main.s
Comment: leds_vector used once



ARM Macro Assembler    Page 2 Alphabetic symbol ordering
Relocatable symbols

7 symbols



ARM Macro Assembler    Page 1 Alphabetic symbol ordering
Absolute symbols

ORDEM_CONTADOR 20002005

Symbol: ORDEM_CONTADOR
   Definitions
      At line 16 in file main.s
   Uses
      At line 63 in file main.s
Comment: ORDEM_CONTADOR used once
PASSO_CONTADOR 20002004

Symbol: PASSO_CONTADOR
   Definitions
      At line 15 in file main.s
   Uses
      At line 62 in file main.s
      At line 78 in file main.s
      At line 134 in file main.s

2 symbols



ARM Macro Assembler    Page 1 Alphabetic symbol ordering
External symbols

Display_show 00000000

Symbol: Display_show
   Definitions
      At line 48 in file main.s
   Uses
      At line 109 in file main.s
      At line 121 in file main.s

GPIO_Init 00000000

Symbol: GPIO_Init
   Definitions
      At line 47 in file main.s
   Uses
      At line 60 in file main.s
Comment: GPIO_Init used once
PLL_Init 00000000

Symbol: PLL_Init
   Definitions
      At line 43 in file main.s
   Uses
      At line 58 in file main.s
Comment: PLL_Init used once
PortB_Output 00000000

Symbol: PortB_Output
   Definitions
      At line 50 in file main.s
   Uses
      At line 111 in file main.s
      At line 116 in file main.s
      At line 123 in file main.s
      At line 128 in file main.s

PortJ_Input 00000000

Symbol: PortJ_Input
   Definitions
      At line 51 in file main.s
   Uses
      At line 75 in file main.s
Comment: PortJ_Input used once
PortP_Output 00000000

Symbol: PortP_Output
   Definitions
      At line 52 in file main.s
   Uses
      At line 94 in file main.s
Comment: PortP_Output used once
SysTick_Init 00000000

Symbol: SysTick_Init
   Definitions
      At line 44 in file main.s
   Uses
      At line 59 in file main.s



ARM Macro Assembler    Page 2 Alphabetic symbol ordering
External symbols

Comment: SysTick_Init used once
SysTick_Wait1ms 00000000

Symbol: SysTick_Wait1ms
   Definitions
      At line 45 in file main.s
   Uses
      At line 97 in file main.s
      At line 113 in file main.s
      At line 118 in file main.s
      At line 125 in file main.s
      At line 132 in file main.s

SysTick_Wait1s 00000000

Symbol: SysTick_Wait1s
   Definitions
      At line 46 in file main.s
   Uses
      None
Comment: SysTick_Wait1s unused
liga_LED 00000000

Symbol: liga_LED
   Definitions
      At line 49 in file main.s
   Uses
      At line 91 in file main.s
Comment: liga_LED used once
10 symbols
356 symbols in table
